<?xml version="1.0" encoding="UTF-8"?>
<testsuite xmlns:xsi="http://www.w3.org/2001/XMLSchema-instance" xsi:noNamespaceSchemaLocation="https://maven.apache.org/surefire/maven-surefire-plugin/xsd/surefire-test-report-3.0.xsd" version="3.0" name="org.example.vehiculos.VehiculosTest" time="0.171" tests="3" errors="0" skipped="0" failures="3">
  <properties>
    <property name="java.specification.version" value="17"/>
    <property name="sun.cpu.isalist" value="amd64"/>
    <property name="sun.jnu.encoding" value="Cp1252"/>
    <property name="java.class.path" value="C:\Users\f00995fk\Desktop\cursos\java\eclipse-java-2024-06-R-win32-x86_64\workspaces\martes\INIC-JAVA_SRV\target\test-classes;C:\Users\f00995fk\Desktop\cursos\java\eclipse-java-2024-06-R-win32-x86_64\workspaces\martes\INIC-JAVA_SRV\target\classes;C:\Users\f00995fk\.m2\repository\com\google\auto\service\auto-service\1.1.1\auto-service-1.1.1.jar;C:\Users\f00995fk\.m2\repository\com\google\auto\service\auto-service-annotations\1.1.1\auto-service-annotations-1.1.1.jar;C:\Users\f00995fk\.m2\repository\com\google\auto\auto-common\1.2.1\auto-common-1.2.1.jar;C:\Users\f00995fk\.m2\repository\com\google\guava\guava\32.0.1-jre\guava-32.0.1-jre.jar;C:\Users\f00995fk\.m2\repository\com\google\guava\failureaccess\1.0.1\failureaccess-1.0.1.jar;C:\Users\f00995fk\.m2\repository\com\google\guava\listenablefuture\9999.0-empty-to-avoid-conflict-with-guava\listenablefuture-9999.0-empty-to-avoid-conflict-with-guava.jar;C:\Users\f00995fk\.m2\repository\com\google\code\findbugs\jsr305\3.0.2\jsr305-3.0.2.jar;C:\Users\f00995fk\.m2\repository\org\checkerframework\checker-qual\3.33.0\checker-qual-3.33.0.jar;C:\Users\f00995fk\.m2\repository\com\google\errorprone\error_prone_annotations\2.18.0\error_prone_annotations-2.18.0.jar;C:\Users\f00995fk\.m2\repository\com\google\j2objc\j2objc-annotations\2.8\j2objc-annotations-2.8.jar;C:\Users\f00995fk\.m2\repository\org\jspecify\jspecify\0.3.0\jspecify-0.3.0.jar;C:\Users\f00995fk\.m2\repository\es\aeat\api\INIC-JAVA_API\0.0.1-SNAPSHOT\INIC-JAVA_API-0.0.1-SNAPSHOT.jar;C:\Users\f00995fk\.m2\repository\org\apache\derby\derby\10.16.1.1\derby-10.16.1.1.jar;C:\Users\f00995fk\.m2\repository\org\apache\derby\derbyshared\10.16.1.1\derbyshared-10.16.1.1.jar;C:\Users\f00995fk\.m2\repository\javax\servlet\javax.servlet-api\4.0.1\javax.servlet-api-4.0.1.jar;C:\Users\f00995fk\.m2\repository\org\junit\jupiter\junit-jupiter-engine\5.10.3\junit-jupiter-engine-5.10.3.jar;C:\Users\f00995fk\.m2\repository\org\junit\platform\junit-platform-engine\1.10.3\junit-platform-engine-1.10.3.jar;C:\Users\f00995fk\.m2\repository\org\opentest4j\opentest4j\1.3.0\opentest4j-1.3.0.jar;C:\Users\f00995fk\.m2\repository\org\junit\platform\junit-platform-commons\1.10.3\junit-platform-commons-1.10.3.jar;C:\Users\f00995fk\.m2\repository\org\junit\jupiter\junit-jupiter-api\5.10.3\junit-jupiter-api-5.10.3.jar;C:\Users\f00995fk\.m2\repository\org\apiguardian\apiguardian-api\1.1.2\apiguardian-api-1.1.2.jar;"/>
    <property name="java.vm.vendor" value="Oracle Corporation"/>
    <property name="sun.arch.data.model" value="64"/>
    <property name="user.variant" value=""/>
    <property name="java.vendor.url" value="https://java.oracle.com/"/>
    <property name="user.timezone" value="Europe/Madrid"/>
    <property name="os.name" value="Windows 10"/>
    <property name="java.vm.specification.version" value="17"/>
    <property name="sun.java.launcher" value="SUN_STANDARD"/>
    <property name="user.country" value="ES"/>
    <property name="sun.boot.library.path" value="C:\0\jdk\17\bin"/>
    <property name="sun.java.command" value="C:\Users\f00995fk\AppData\Local\Temp\surefire16921761514311372929\surefirebooter-20240707230149181_3.jar C:\Users\f00995fk\AppData\Local\Temp\surefire16921761514311372929 2024-07-07T23-01-48_711-jvmRun1 surefire-20240707230149181_1tmp surefire_0-20240707230149181_2tmp"/>
    <property name="jdk.debug" value="release"/>
    <property name="surefire.test.class.path" value="C:\Users\f00995fk\Desktop\cursos\java\eclipse-java-2024-06-R-win32-x86_64\workspaces\martes\INIC-JAVA_SRV\target\test-classes;C:\Users\f00995fk\Desktop\cursos\java\eclipse-java-2024-06-R-win32-x86_64\workspaces\martes\INIC-JAVA_SRV\target\classes;C:\Users\f00995fk\.m2\repository\com\google\auto\service\auto-service\1.1.1\auto-service-1.1.1.jar;C:\Users\f00995fk\.m2\repository\com\google\auto\service\auto-service-annotations\1.1.1\auto-service-annotations-1.1.1.jar;C:\Users\f00995fk\.m2\repository\com\google\auto\auto-common\1.2.1\auto-common-1.2.1.jar;C:\Users\f00995fk\.m2\repository\com\google\guava\guava\32.0.1-jre\guava-32.0.1-jre.jar;C:\Users\f00995fk\.m2\repository\com\google\guava\failureaccess\1.0.1\failureaccess-1.0.1.jar;C:\Users\f00995fk\.m2\repository\com\google\guava\listenablefuture\9999.0-empty-to-avoid-conflict-with-guava\listenablefuture-9999.0-empty-to-avoid-conflict-with-guava.jar;C:\Users\f00995fk\.m2\repository\com\google\code\findbugs\jsr305\3.0.2\jsr305-3.0.2.jar;C:\Users\f00995fk\.m2\repository\org\checkerframework\checker-qual\3.33.0\checker-qual-3.33.0.jar;C:\Users\f00995fk\.m2\repository\com\google\errorprone\error_prone_annotations\2.18.0\error_prone_annotations-2.18.0.jar;C:\Users\f00995fk\.m2\repository\com\google\j2objc\j2objc-annotations\2.8\j2objc-annotations-2.8.jar;C:\Users\f00995fk\.m2\repository\org\jspecify\jspecify\0.3.0\jspecify-0.3.0.jar;C:\Users\f00995fk\.m2\repository\es\aeat\api\INIC-JAVA_API\0.0.1-SNAPSHOT\INIC-JAVA_API-0.0.1-SNAPSHOT.jar;C:\Users\f00995fk\.m2\repository\org\apache\derby\derby\10.16.1.1\derby-10.16.1.1.jar;C:\Users\f00995fk\.m2\repository\org\apache\derby\derbyshared\10.16.1.1\derbyshared-10.16.1.1.jar;C:\Users\f00995fk\.m2\repository\javax\servlet\javax.servlet-api\4.0.1\javax.servlet-api-4.0.1.jar;C:\Users\f00995fk\.m2\repository\org\junit\jupiter\junit-jupiter-engine\5.10.3\junit-jupiter-engine-5.10.3.jar;C:\Users\f00995fk\.m2\repository\org\junit\platform\junit-platform-engine\1.10.3\junit-platform-engine-1.10.3.jar;C:\Users\f00995fk\.m2\repository\org\opentest4j\opentest4j\1.3.0\opentest4j-1.3.0.jar;C:\Users\f00995fk\.m2\repository\org\junit\platform\junit-platform-commons\1.10.3\junit-platform-commons-1.10.3.jar;C:\Users\f00995fk\.m2\repository\org\junit\jupiter\junit-jupiter-api\5.10.3\junit-jupiter-api-5.10.3.jar;C:\Users\f00995fk\.m2\repository\org\apiguardian\apiguardian-api\1.1.2\apiguardian-api-1.1.2.jar;"/>
    <property name="sun.cpu.endian" value="little"/>
    <property name="user.home" value="C:\Users\f00995fk"/>
    <property name="user.language" value="es"/>
    <property name="java.specification.vendor" value="Oracle Corporation"/>
    <property name="java.version.date" value="2024-04-16"/>
    <property name="java.home" value="C:\0\jdk\17"/>
    <property name="file.separator" value="\"/>
    <property name="style.color" value="always"/>
    <property name="basedir" value="C:\Users\f00995fk\Desktop\cursos\java\eclipse-java-2024-06-R-win32-x86_64\workspaces\martes\INIC-JAVA_SRV"/>
    <property name="java.vm.compressedOopsMode" value="32-bit"/>
    <property name="line.separator" value="&#10;"/>
    <property name="java.vm.specification.vendor" value="Oracle Corporation"/>
    <property name="java.specification.name" value="Java Platform API Specification"/>
    <property name="surefire.real.class.path" value="C:\Users\f00995fk\AppData\Local\Temp\surefire16921761514311372929\surefirebooter-20240707230149181_3.jar"/>
    <property name="user.script" value=""/>
    <property name="sun.management.compiler" value="HotSpot 64-Bit Tiered Compilers"/>
    <property name="java.runtime.version" value="17.0.11+7-LTS-207"/>
    <property name="user.name" value="f00995fk"/>
    <property name="path.separator" value=";"/>
    <property name="os.version" value="10.0"/>
    <property name="java.runtime.name" value="Java(TM) SE Runtime Environment"/>
    <property name="file.encoding" value="Cp1252"/>
    <property name="java.vm.name" value="Java HotSpot(TM) 64-Bit Server VM"/>
    <property name="localRepository" value="C:\Users\f00995fk\.m2\repository"/>
    <property name="java.vendor.url.bug" value="https://bugreport.java.com/bugreport/"/>
    <property name="java.io.tmpdir" value="C:\Users\f00995fk\AppData\Local\Temp\"/>
    <property name="java.version" value="17.0.11"/>
    <property name="user.dir" value="C:\Users\f00995fk\Desktop\cursos\java\eclipse-java-2024-06-R-win32-x86_64\workspaces\martes\INIC-JAVA_SRV"/>
    <property name="os.arch" value="amd64"/>
    <property name="java.vm.specification.name" value="Java Virtual Machine Specification"/>
    <property name="sun.os.patch.level" value=""/>
    <property name="native.encoding" value="Cp1252"/>
    <property name="java.library.path" value="C:\0\jdk\17\bin;C:\Windows\Sun\Java\bin;C:\Windows\system32;C:\Windows;C:/Users/f00995fk/Desktop/cursos/java/eclipse-java-2024-06-R-win32-x86_64/eclipse//plugins/org.eclipse.justj.openjdk.hotspot.jre.full.win32.x86_64_21.0.3.v20240426-1530/jre/bin/server;C:/Users/f00995fk/Desktop/cursos/java/eclipse-java-2024-06-R-win32-x86_64/eclipse//plugins/org.eclipse.justj.openjdk.hotspot.jre.full.win32.x86_64_21.0.3.v20240426-1530/jre/bin;C:\Windows\system32;C:\Windows;C:\Windows\System32\Wbem;C:\Windows\System32\WindowsPowerShell\v1.0\;C:\Windows\System32\OpenSSH\;C:\Program Files\WindowsPowerShell\Scripts\HP.ClientScriptLibrary;C:\Program Files (x86)\Sennheiser\SenncomSDK\;C:\Program Files\AutoFirma\AutoFirma;C:\Users\f00995fk\AppData\Local\Microsoft\WindowsApps;C:\0\maven\3.9.6\bin;;C:\Users\f00995fk\Desktop\cursos\java\eclipse-java-2024-06-R-win32-x86_64\eclipse;;."/>
    <property name="java.vm.info" value="mixed mode, sharing"/>
    <property name="java.vendor" value="Oracle Corporation"/>
    <property name="java.vm.version" value="17.0.11+7-LTS-207"/>
    <property name="sun.io.unicode.encoding" value="UnicodeLittle"/>
    <property name="java.class.version" value="61.0"/>
  </properties>
  <testcase name="traits" classname="org.example.vehiculos.VehiculosTest" time="0.075">
    <failure message="expected: &lt;[INFO] preparando la furgo camperizada para el viaje...&#10;[INFO] comprobando el neumático 1...&#10;[INFO] comprobando el neumático 2...&#10;[INFO] comprobando el neumático 3...&#10;[INFO] comprobando el neumático 4...&#10;[INFO] comprobando la rueda de repuesto...&#10;[INFO] la furgo camperizada está OK. Viajando a Berlín...&#10;[INFO] preparando la moto del Dakar para el viaje...&#10;[INFO] comprobando el neumático 1...&#10;[INFO] comprobando el neumático 2...&#10;[INFO] comprobando los frenos...&#10;[INFO] la moto del Dakar está OK. Viajando a Los Monegros...&#10;[INFO] preparando el Optimist para el viaje...&#10;[INFO] comprobando el estado de la vela...&#10;[INFO] el Optimist está OK. Viajando a Cabo Verde...&#10;&gt; but was: &lt;[INFO] preparando la furgo camperizada para el viaje...&#10;[INFO] comprobando el neumático 1...&#10;[INFO] comprobando el neumático 2...&#10;[INFO] comprobando el neumático 3...&#10;[INFO] comprobando el neumático 4...&#10;[INFO] comprobando la rueda de repuesto...&#10;[INFO] la furgo camperizada está OK. Viajando a Berlín...&#10;[INFO] preparando la moto del Dakar para el viaje...&#10;[INFO] comprobando el neumático 1...&#10;[INFO] comprobando el neumático 2...&#10;[INFO] comprobando los frenos...&#10;[INFO] la moto del Dakar está OK. Viajando a Los Monegros...&#10;[INFO] preparando el Optimist para el viaje...&#10;[INFO] el Optimist está OK. Viajando a Cabo Verde...&#10;&gt;" type="org.opentest4j.AssertionFailedError"><![CDATA[org.opentest4j.AssertionFailedError: 
expected: <[INFO] preparando la furgo camperizada para el viaje...
[INFO] comprobando el neumático 1...
[INFO] comprobando el neumático 2...
[INFO] comprobando el neumático 3...
[INFO] comprobando el neumático 4...
[INFO] comprobando la rueda de repuesto...
[INFO] la furgo camperizada está OK. Viajando a Berlín...
[INFO] preparando la moto del Dakar para el viaje...
[INFO] comprobando el neumático 1...
[INFO] comprobando el neumático 2...
[INFO] comprobando los frenos...
[INFO] la moto del Dakar está OK. Viajando a Los Monegros...
[INFO] preparando el Optimist para el viaje...
[INFO] comprobando el estado de la vela...
[INFO] el Optimist está OK. Viajando a Cabo Verde...
> but was: <[INFO] preparando la furgo camperizada para el viaje...
[INFO] comprobando el neumático 1...
[INFO] comprobando el neumático 2...
[INFO] comprobando el neumático 3...
[INFO] comprobando el neumático 4...
[INFO] comprobando la rueda de repuesto...
[INFO] la furgo camperizada está OK. Viajando a Berlín...
[INFO] preparando la moto del Dakar para el viaje...
[INFO] comprobando el neumático 1...
[INFO] comprobando el neumático 2...
[INFO] comprobando los frenos...
[INFO] la moto del Dakar está OK. Viajando a Los Monegros...
[INFO] preparando el Optimist para el viaje...
[INFO] el Optimist está OK. Viajando a Cabo Verde...
>
	at org.junit.jupiter.api.AssertionFailureBuilder.build(AssertionFailureBuilder.java:151)
	at org.junit.jupiter.api.AssertionFailureBuilder.buildAndThrow(AssertionFailureBuilder.java:132)
	at org.junit.jupiter.api.AssertEquals.failNotEqual(AssertEquals.java:197)
	at org.junit.jupiter.api.AssertEquals.assertEquals(AssertEquals.java:182)
	at org.junit.jupiter.api.AssertEquals.assertEquals(AssertEquals.java:177)
	at org.junit.jupiter.api.Assertions.assertEquals(Assertions.java:1145)
	at org.example.vehiculos.VehiculosTest.afterEach(VehiculosTest.java:61)
	at java.base/java.lang.reflect.Method.invoke(Method.java:568)
	at java.base/java.util.ArrayList.forEach(ArrayList.java:1511)
	at java.base/java.util.ArrayList.forEach(ArrayList.java:1511)
]]></failure>
  </testcase>
  <testcase name="classes" classname="org.example.vehiculos.VehiculosTest" time="0.006">
    <failure message="expected: &lt;[INFO] preparando la furgo camperizada para el viaje...&#10;[INFO] comprobando el neumático 1...&#10;[INFO] comprobando el neumático 2...&#10;[INFO] comprobando el neumático 3...&#10;[INFO] comprobando el neumático 4...&#10;[INFO] comprobando la rueda de repuesto...&#10;[INFO] la furgo camperizada está OK. Viajando a Berlín...&#10;[INFO] preparando la moto del Dakar para el viaje...&#10;[INFO] comprobando el neumático 1...&#10;[INFO] comprobando el neumático 2...&#10;[INFO] comprobando los frenos...&#10;[INFO] la moto del Dakar está OK. Viajando a Los Monegros...&#10;[INFO] preparando el Optimist para el viaje...&#10;[INFO] comprobando el estado de la vela...&#10;[INFO] el Optimist está OK. Viajando a Cabo Verde...&#10;&gt; but was: &lt;[INFO] preparando la furgo camperizada para el viaje...&#10;[INFO] comprobando el neumático 1...&#10;[INFO] comprobando el neumático 2...&#10;[INFO] comprobando el neumático 3...&#10;[INFO] comprobando el neumático 4...&#10;[INFO] comprobando la rueda de repuesto...&#10;[INFO] la furgo camperizada está OK. Viajando a Berlín...&#10;[INFO] preparando la moto del Dakar para el viaje...&#10;[INFO] comprobando el neumático 1...&#10;[INFO] comprobando el neumático 2...&#10;[INFO] comprobando los frenos...&#10;[INFO] la moto del Dakar está OK. Viajando a Los Monegros...&#10;[INFO] preparando el Optimist para el viaje...&#10;[INFO] el Optimist está OK. Viajando a Cabo Verde...&#10;&gt;" type="org.opentest4j.AssertionFailedError"><![CDATA[org.opentest4j.AssertionFailedError: 
expected: <[INFO] preparando la furgo camperizada para el viaje...
[INFO] comprobando el neumático 1...
[INFO] comprobando el neumático 2...
[INFO] comprobando el neumático 3...
[INFO] comprobando el neumático 4...
[INFO] comprobando la rueda de repuesto...
[INFO] la furgo camperizada está OK. Viajando a Berlín...
[INFO] preparando la moto del Dakar para el viaje...
[INFO] comprobando el neumático 1...
[INFO] comprobando el neumático 2...
[INFO] comprobando los frenos...
[INFO] la moto del Dakar está OK. Viajando a Los Monegros...
[INFO] preparando el Optimist para el viaje...
[INFO] comprobando el estado de la vela...
[INFO] el Optimist está OK. Viajando a Cabo Verde...
> but was: <[INFO] preparando la furgo camperizada para el viaje...
[INFO] comprobando el neumático 1...
[INFO] comprobando el neumático 2...
[INFO] comprobando el neumático 3...
[INFO] comprobando el neumático 4...
[INFO] comprobando la rueda de repuesto...
[INFO] la furgo camperizada está OK. Viajando a Berlín...
[INFO] preparando la moto del Dakar para el viaje...
[INFO] comprobando el neumático 1...
[INFO] comprobando el neumático 2...
[INFO] comprobando los frenos...
[INFO] la moto del Dakar está OK. Viajando a Los Monegros...
[INFO] preparando el Optimist para el viaje...
[INFO] el Optimist está OK. Viajando a Cabo Verde...
>
	at org.junit.jupiter.api.AssertionFailureBuilder.build(AssertionFailureBuilder.java:151)
	at org.junit.jupiter.api.AssertionFailureBuilder.buildAndThrow(AssertionFailureBuilder.java:132)
	at org.junit.jupiter.api.AssertEquals.failNotEqual(AssertEquals.java:197)
	at org.junit.jupiter.api.AssertEquals.assertEquals(AssertEquals.java:182)
	at org.junit.jupiter.api.AssertEquals.assertEquals(AssertEquals.java:177)
	at org.junit.jupiter.api.Assertions.assertEquals(Assertions.java:1145)
	at org.example.vehiculos.VehiculosTest.afterEach(VehiculosTest.java:61)
	at java.base/java.lang.reflect.Method.invoke(Method.java:568)
	at java.base/java.util.ArrayList.forEach(ArrayList.java:1511)
	at java.base/java.util.ArrayList.forEach(ArrayList.java:1511)
]]></failure>
  </testcase>
  <testcase name="services" classname="org.example.vehiculos.VehiculosTest" time="0.023">
    <failure message="expected: &lt;[INFO] preparando la furgo camperizada para el viaje...&#10;[INFO] comprobando el neumático 1...&#10;[INFO] comprobando el neumático 2...&#10;[INFO] comprobando el neumático 3...&#10;[INFO] comprobando el neumático 4...&#10;[INFO] comprobando la rueda de repuesto...&#10;[INFO] la furgo camperizada está OK. Viajando a Berlín...&#10;[INFO] preparando la moto del Dakar para el viaje...&#10;[INFO] comprobando el neumático 1...&#10;[INFO] comprobando el neumático 2...&#10;[INFO] comprobando los frenos...&#10;[INFO] la moto del Dakar está OK. Viajando a Los Monegros...&#10;[INFO] preparando el Optimist para el viaje...&#10;[INFO] comprobando el estado de la vela...&#10;[INFO] el Optimist está OK. Viajando a Cabo Verde...&#10;&gt; but was: &lt;[INFO] preparando la furgo camperizada para el viaje...&#10;[INFO] comprobando el neumático 1...&#10;[INFO] comprobando el neumático 2...&#10;[INFO] comprobando el neumático 3...&#10;[INFO] comprobando el neumático 4...&#10;[INFO] comprobando la rueda de repuesto...&#10;[INFO] la furgo camperizada está OK. Viajando a Berlín...&#10;[INFO] preparando la moto del Dakar para el viaje...&#10;[INFO] comprobando el neumático 1...&#10;[INFO] comprobando el neumático 2...&#10;[INFO] comprobando los frenos...&#10;[INFO] la moto del Dakar está OK. Viajando a Los Monegros...&#10;[INFO] preparando el Optimist para el viaje...&#10;[INFO] el Optimist está OK. Viajando a Cabo Verde...&#10;&gt;" type="org.opentest4j.AssertionFailedError"><![CDATA[org.opentest4j.AssertionFailedError: 
expected: <[INFO] preparando la furgo camperizada para el viaje...
[INFO] comprobando el neumático 1...
[INFO] comprobando el neumático 2...
[INFO] comprobando el neumático 3...
[INFO] comprobando el neumático 4...
[INFO] comprobando la rueda de repuesto...
[INFO] la furgo camperizada está OK. Viajando a Berlín...
[INFO] preparando la moto del Dakar para el viaje...
[INFO] comprobando el neumático 1...
[INFO] comprobando el neumático 2...
[INFO] comprobando los frenos...
[INFO] la moto del Dakar está OK. Viajando a Los Monegros...
[INFO] preparando el Optimist para el viaje...
[INFO] comprobando el estado de la vela...
[INFO] el Optimist está OK. Viajando a Cabo Verde...
> but was: <[INFO] preparando la furgo camperizada para el viaje...
[INFO] comprobando el neumático 1...
[INFO] comprobando el neumático 2...
[INFO] comprobando el neumático 3...
[INFO] comprobando el neumático 4...
[INFO] comprobando la rueda de repuesto...
[INFO] la furgo camperizada está OK. Viajando a Berlín...
[INFO] preparando la moto del Dakar para el viaje...
[INFO] comprobando el neumático 1...
[INFO] comprobando el neumático 2...
[INFO] comprobando los frenos...
[INFO] la moto del Dakar está OK. Viajando a Los Monegros...
[INFO] preparando el Optimist para el viaje...
[INFO] el Optimist está OK. Viajando a Cabo Verde...
>
	at org.junit.jupiter.api.AssertionFailureBuilder.build(AssertionFailureBuilder.java:151)
	at org.junit.jupiter.api.AssertionFailureBuilder.buildAndThrow(AssertionFailureBuilder.java:132)
	at org.junit.jupiter.api.AssertEquals.failNotEqual(AssertEquals.java:197)
	at org.junit.jupiter.api.AssertEquals.assertEquals(AssertEquals.java:182)
	at org.junit.jupiter.api.AssertEquals.assertEquals(AssertEquals.java:177)
	at org.junit.jupiter.api.Assertions.assertEquals(Assertions.java:1145)
	at org.example.vehiculos.VehiculosTest.afterEach(VehiculosTest.java:61)
	at java.base/java.lang.reflect.Method.invoke(Method.java:568)
	at java.base/java.util.ArrayList.forEach(ArrayList.java:1511)
	at java.base/java.util.ArrayList.forEach(ArrayList.java:1511)
]]></failure>
  </testcase>
</testsuite>